
PRICEPULSE SCRAPER PIPELINE STARTED
==================================================

[2025-11-05T10:07:25.975Z] PIPELINE STARTED

[1/4] Running: blinkit_sheets.js
[2025-11-05T10:07:25.976Z] STARTING: blinkit_sheets.js
Opening homepage...
Setting pincode to 560012...
Pincode input not found. Data may be incomplete.
Opening URL: https://blinkit.com/dc/?collection_filters=W3siYnJhbmRfaWQiOlsxNjIyOF19XQ%3D%3D&collection_name=Pepe+Jeans+Innerfashion
Scrolling to load products...
Attempt 1/15, height: 7559, stable: 0/3
Attempt 2/15, height: 14033, stable: 0/3
Attempt 3/15, height: 14033, stable: 1/3
Attempt 4/15, height: 14033, stable: 2/3
Attempt 5/15, height: 14033, stable: 3/3
Collecting products...
Found 56 product elements
Processed 56 elements, collected 56 unique products
Saved 56 products to ./blinkit_data.csv
Cleared Blinkit tab.
Wrote 56 products to Google Sheet.
[2025-11-05T10:08:04.649Z] SUCCESS: blinkit_sheets.js
blinkit_sheets.js COMPLETED

[2/4] Running: instamart_sheets.js
[2025-11-05T10:08:04.650Z] STARTING: instamart_sheets.js
🚀 Navigating to Pepe Jeans Instamart collection...
❌ Initial products not loaded: Waiting for selector `div[data-testid^="default_container_ux4"]` failed
🔍 Debug - Title: Swiggy
Body snippet: Pepe Jeans
59 items
20% OFF
17 MINS
Pepe Jeans Premium Cotton Lace Camisole Black - L
1 L
399
499
25% OFF
17 MINS
Pepe Jeans Men Vest (Cotton, Solid, Sleeveless) Grey Melange - XL
1 XL
449
599
30% OFF
📸 Debug screenshot saved as 'debug_screenshot.png'
[2025-11-05T10:08:45.709Z] SUCCESS: instamart_sheets.js
instamart_sheets.js COMPLETED

[3/4] Running: zepto_sheets.js
[2025-11-05T10:08:45.709Z] STARTING: zepto_sheets.js
Starting Zepto scraper...
1. Navigating to Zepto homepage...
2. Selecting location...
Location set to 560012
3. Searching for 'Pepe Jeans'...
Search attempt 1...
Search suggestions found: [
  {
    id: 'pepe jeans:MANUAL:8ed26cb7-eb7d-4b7b-8d8c-3e93d5855bdd',
    text: 'Pepe jeans'
  },
  {
    id: 'pepero:MANUAL:8ed26cb7-eb7d-4b7b-8d8c-3e93d5855bdd',
    text: 'Pepero'
  },
  {
    id: 'pepe jeans shorts:MANUAL:8ed26cb7-eb7d-4b7b-8d8c-3e93d5855bdd',
    text: 'Pepe jeans shorts'
  },
  {
    id: 'pepe jeans boxers:MANUAL:8ed26cb7-eb7d-4b7b-8d8c-3e93d5855bdd',
    text: 'Pepe jeans boxers'
  },
  {
    id: 'pepe jeans panty:MANUAL:8ed26cb7-eb7d-4b7b-8d8c-3e93d5855bdd',
    text: 'Pepe jeans panty'
  },
  {
    id: 'pepe jeans trunk:MANUAL:8ed26cb7-eb7d-4b7b-8d8c-3e93d5855bdd',
    text: 'Pepe jeans trunk'
  },
  {
    id: 'pepe jeans black:MANUAL:8ed26cb7-eb7d-4b7b-8d8c-3e93d5855bdd',
    text: 'Pepe jeans black'
  },
  {
    id: 'pepe jeans vest:MANUAL:8ed26cb7-eb7d-4b7b-8d8c-3e93d5855bdd',
    text: 'Pepe jeans vest'
  },
  {
    id: 'pepe jeans boxer:MANUAL:8ed26cb7-eb7d-4b7b-8d8c-3e93d5855bdd',
    text: 'Pepe jeans boxer'
  },
  {
    id: 'pepe jeans solid:MANUAL:8ed26cb7-eb7d-4b7b-8d8c-3e93d5855bdd',
    text: 'Pepe jeans solid'
  }
]
4. Scrolling inside product list to load all products...
Iteration 1: Products loaded = 44
Iteration 2: Products loaded = 44
Iteration 3: Products loaded = 44
Iteration 4: Products loaded = 68
Iteration 5: Products loaded = 68
Iteration 6: Products loaded = 90
Iteration 7: Products loaded = 90
Iteration 8: Products loaded = 116
Iteration 9: Products loaded = 116
Iteration 10: Products loaded = 116
Iteration 11: Products loaded = 134
Iteration 12: Products loaded = 134
Iteration 13: Products loaded = 162
Iteration 14: Products loaded = 162
Iteration 15: Products loaded = 184
Iteration 16: Products loaded = 184
Iteration 17: Products loaded = 206
Iteration 18: Products loaded = 206
Iteration 19: Products loaded = 233
Iteration 20: Products loaded = 233
Iteration 21: Products loaded = 233
Iteration 22: Products loaded = 233
Iteration 23: Products loaded = 233
Iteration 24: Products loaded = 233
Iteration 25: Products loaded = 233
Iteration 26: Products loaded = 233
Iteration 27: Products loaded = 233
Finished scrolling - total products loaded: 233
5. Scraping product details...
Scraped 99 Pepe products.
Saved to zepto_pepe.csv
Cleared Zepto tab.
Wrote 99 products to Google Sheet (Zepto tab).
Closing browser
[2025-11-05T10:10:10.751Z] SUCCESS: zepto_sheets.js
zepto_sheets.js COMPLETED

[4/4] Running: populate_benchmarks.js
[2025-11-05T10:10:10.753Z] STARTING: populate_benchmarks.js
Loading existing Benchmarks...
Scanning Blinkit...
Blinkit: 56 products
Scanning Instamart...
Instamart: 56 products
Scanning Zepto...
Zepto: 99 products
Updating Benchmarks...
Benchmarks refreshed: 172 products
Triggering price alert...
EMAIL ALERT SENT!
All done!
[2025-11-05T10:10:24.394Z] SUCCESS: populate_benchmarks.js
populate_benchmarks.js COMPLETED

ALL 4 SCRAPERS COMPLETED SUCCESSFULLY!
[2025-11-05T10:10:24.395Z] FULL PIPELINE SUCCESS
LOG: scraper_log_2025-11-05.txt

LIVE DATA UPDATED! → https://pricepulse.vercel.app

==================================================
RUN STARTED: 2025-11-05 15:54:28 IST
==================================================


PRICEPULSE SCRAPER PIPELINE STARTED
==================================================

[2025-11-05T10:24:29.096Z] PIPELINE STARTED

[1/4] Running: blinkit_sheets.js
[2025-11-05T10:24:29.097Z] STARTING: blinkit_sheets.js
Opening homepage...
Setting pincode to 560012...
Pincode input not found. Data may be incomplete.
Opening URL: https://blinkit.com/dc/?collection_filters=W3siYnJhbmRfaWQiOlsxNjIyOF19XQ%3D%3D&collection_name=Pepe+Jeans+Innerfashion
Scrolling to load products...
Attempt 1/15, height: 7559, stable: 0/3
Attempt 2/15, height: 14033, stable: 0/3
Attempt 3/15, height: 14033, stable: 1/3
Attempt 4/15, height: 14033, stable: 2/3
Attempt 5/15, height: 14033, stable: 3/3
Collecting products...
Found 56 product elements
Processed 56 elements, collected 56 unique products
Saved 56 products to ./blinkit_data.csv
Cleared Blinkit tab.
Wrote 56 products to Google Sheet.
[2025-11-05T10:25:07.223Z] SUCCESS: blinkit_sheets.js
blinkit_sheets.js COMPLETED

[2/4] Running: instamart_sheets.js
[2025-11-05T10:25:07.225Z] STARTING: instamart_sheets.js
🚀 Navigating to Pepe Jeans Instamart collection...
❌ Initial products not loaded: Waiting for selector `div[data-testid^="default_container_ux4"]` failed
🔍 Debug - Title: Swiggy
Body snippet: Pepe Jeans
59 items
20% OFF
18 MINS
Pepe Jeans Premium Cotton Lace Camisole Black - L
1 L
399
499
25% OFF
18 MINS
Pepe Jeans Men Vest (Cotton, Solid, Sleeveless) Grey Melange - XL
1 XL
449
599
30% OFF
📸 Debug screenshot saved as 'debug_screenshot.png'
[2025-11-05T10:25:49.534Z] SUCCESS: instamart_sheets.js
instamart_sheets.js COMPLETED

[3/4] Running: zepto_sheets.js
[2025-11-05T10:25:49.535Z] STARTING: zepto_sheets.js
Starting Zepto scraper...
1. Navigating to Zepto homepage...
2. Selecting location...
Location set to 560012
3. Searching for 'Pepe Jeans'...
Search attempt 1...
Search suggestions found: [
  {
    id: 'pepe jeans:MANUAL:8ed26cb7-eb7d-4b7b-8d8c-3e93d5855bdd',
    text: 'Pepe jeans'
  },
  {
    id: 'pepero:MANUAL:8ed26cb7-eb7d-4b7b-8d8c-3e93d5855bdd',
    text: 'Pepero'
  },
  {
    id: 'pepe jeans shorts:MANUAL:8ed26cb7-eb7d-4b7b-8d8c-3e93d5855bdd',
    text: 'Pepe jeans shorts'
  },
  {
    id: 'pepe jeans boxers:MANUAL:8ed26cb7-eb7d-4b7b-8d8c-3e93d5855bdd',
    text: 'Pepe jeans boxers'
  },
  {
    id: 'pepe jeans panty:MANUAL:8ed26cb7-eb7d-4b7b-8d8c-3e93d5855bdd',
    text: 'Pepe jeans panty'
  },
  {
    id: 'pepe jeans trunk:MANUAL:8ed26cb7-eb7d-4b7b-8d8c-3e93d5855bdd',
    text: 'Pepe jeans trunk'
  },
  {
    id: 'pepe jeans black:MANUAL:8ed26cb7-eb7d-4b7b-8d8c-3e93d5855bdd',
    text: 'Pepe jeans black'
  },
  {
    id: 'pepe jeans vest:MANUAL:8ed26cb7-eb7d-4b7b-8d8c-3e93d5855bdd',
    text: 'Pepe jeans vest'
  },
  {
    id: 'pepe jeans boxer:MANUAL:8ed26cb7-eb7d-4b7b-8d8c-3e93d5855bdd',
    text: 'Pepe jeans boxer'
  },
  {
    id: 'pepe jeans solid:MANUAL:8ed26cb7-eb7d-4b7b-8d8c-3e93d5855bdd',
    text: 'Pepe jeans solid'
  }
]
4. Scrolling inside product list to load all products...
Iteration 1: Products loaded = 54
Iteration 2: Products loaded = 54
Iteration 3: Products loaded = 54
Iteration 4: Products loaded = 74
Iteration 5: Products loaded = 74
Iteration 6: Products loaded = 96
Iteration 7: Products loaded = 96
Iteration 8: Products loaded = 118
Iteration 9: Products loaded = 118
Iteration 10: Products loaded = 138
Iteration 11: Products loaded = 138
Iteration 12: Products loaded = 162
Iteration 13: Products loaded = 162
Iteration 14: Products loaded = 184
Iteration 15: Products loaded = 184
Iteration 16: Products loaded = 210
Iteration 17: Products loaded = 210
Iteration 18: Products loaded = 235
Iteration 19: Products loaded = 235
Iteration 20: Products loaded = 235
Iteration 21: Products loaded = 235
Iteration 22: Products loaded = 235
Iteration 23: Products loaded = 235
Iteration 24: Products loaded = 235
Iteration 25: Products loaded = 235
Iteration 26: Products loaded = 235
Finished scrolling - total products loaded: 235
5. Scraping product details...
Scraped 115 Pepe products.
Saved to zepto_pepe.csv
Cleared Zepto tab.
Wrote 115 products to Google Sheet (Zepto tab).
Closing browser
[2025-11-05T10:27:14.734Z] SUCCESS: zepto_sheets.js
zepto_sheets.js COMPLETED

[4/4] Running: populate_benchmarks.js
[2025-11-05T10:27:14.738Z] STARTING: populate_benchmarks.js
Loading existing Benchmarks...
Scanning Blinkit...
Blinkit: 56 products
Scanning Instamart...
Instamart: 56 products
Scanning Zepto...
Zepto: 115 products
Updating Benchmarks...
Benchmarks refreshed: 176 products
Triggering price alert...
EMAIL ALERT SENT!
All done!
[2025-11-05T10:27:28.184Z] SUCCESS: populate_benchmarks.js
populate_benchmarks.js COMPLETED

ALL 4 SCRAPERS COMPLETED SUCCESSFULLY!
[2025-11-05T10:27:28.186Z] FULL PIPELINE SUCCESS
LOG: scraper_log_2025-11-05.txt

LIVE DATA UPDATED! → https://pricepulse.vercel.app

==================================================
RUN FINISHED: 2025-11-05 15:57:28 IST
==================================================


PRICEPULSE SCRAPER PIPELINE STARTED
==================================================

[2025-11-05T12:30:01.297Z] PIPELINE STARTED

[1/4] Running: blinkit_sheets.js
[2025-11-05T12:30:01.298Z] STARTING: blinkit_sheets.js
/bin/sh: node: command not found
[2025-11-05T12:30:01.307Z] FAILED: blinkit_sheets.js
[2025-11-05T12:30:01.307Z] ERROR: Command failed: node blinkit_sheets.js

PIPELINE STOPPED! blinkit_sheets.js FAILED
[2025-11-05T12:30:01.307Z] PIPELINE STOPPED at blinkit_sheets.js

PRICEPULSE SCRAPER PIPELINE STARTED
==================================================

[2025-11-05T12:40:00.786Z] PIPELINE STARTED

[1/4] Running: blinkit_sheets.js
[2025-11-05T12:40:00.787Z] STARTING: blinkit_sheets.js
/bin/sh: node: command not found
[2025-11-05T12:40:00.794Z] FAILED: blinkit_sheets.js
[2025-11-05T12:40:00.794Z] ERROR: Command failed: node blinkit_sheets.js

PIPELINE STOPPED! blinkit_sheets.js FAILED
[2025-11-05T12:40:00.794Z] PIPELINE STOPPED at blinkit_sheets.js
